--2024-06-21 13:37:30--  http://exoplanetarchive.ipac.caltech.edu/data/ETSS//SuperWASP/TBL/DR1/tile126120/1SWASP_J083438.80+313314.7_lc.tbl
Resolving exoplanetarchive.ipac.caltech.edu (exoplanetarchive.ipac.caltech.edu)... 134.4.54.151
Connecting to exoplanetarchive.ipac.caltech.edu (exoplanetarchive.ipac.caltech.edu)|134.4.54.151|:80... connected.
HTTP request sent, awaiting response... 302 Found
Location: https://exoplanetarchive.ipac.caltech.edu/data/ETSS//SuperWASP/TBL/DR1/tile126120/1SWASP_J083438.80+313314.7_lc.tbl [following]
--2024-06-21 13:37:30--  https://exoplanetarchive.ipac.caltech.edu/data/ETSS//SuperWASP/TBL/DR1/tile126120/1SWASP_J083438.80+313314.7_lc.tbl
Connecting to exoplanetarchive.ipac.caltech.edu (exoplanetarchive.ipac.caltech.edu)|134.4.54.151|:443... connected.
HTTP request sent, awaiting response... 200 OK
Length: 1733135 (1.7M)
Saving to: ‘1SWASP_J083438.80+313314.7_lc.tbl’

     0K .......... .......... .......... .......... ..........  2%  153K 11s
    50K .......... .......... .......... .......... ..........  5%  305K 8s
   100K .......... .......... .......... .......... ..........  8% 22.6M 5s
   150K .......... .......... .......... .......... .......... 11% 19.4M 4s
   200K .......... .......... .......... .......... .......... 14%  312K 4s
   250K .......... .......... .......... .......... .......... 17% 84.5M 3s
   300K .......... .......... .......... .......... .......... 20% 14.6M 3s
   350K .......... .......... .......... .......... .......... 23%  191M 2s
   400K .......... .......... .......... .......... .......... 26%  324K 2s
   450K .......... .......... .......... .......... .......... 29% 6.65M 2s
   500K .......... .......... .......... .......... .......... 32% 20.7M 2s
   550K .......... .......... .......... .......... .......... 35% 19.6M 2s
   600K .......... .......... .......... .......... .......... 38%  267M 1s
   650K .......... .......... .......... .......... .......... 41%  300K 1s
   700K .......... .......... .......... .......... .......... 44%  152M 1s
   750K .......... .......... .......... .......... .......... 47%  171M 1s
   800K .......... .......... .......... .......... .......... 50%  135M 1s
   850K .......... .......... .......... .......... .......... 53%  190M 1s
   900K .......... .......... .......... .......... .......... 56%  175M 1s
   950K .......... .......... .......... .......... .......... 59%  170M 1s
  1000K .......... .......... .......... .......... .......... 62%  238M 1s
  1050K .......... .......... .......... .......... .......... 64%  236M 1s
  1100K .......... .......... .......... .......... .......... 67%  350K 1s
  1150K .......... .......... .......... .......... .......... 70% 33.7M 0s
  1200K .......... .......... .......... .......... .......... 73% 16.6M 0s
  1250K .......... .......... .......... .......... .......... 76% 8.37M 0s
  1300K .......... .......... .......... .......... .......... 79% 19.1M 0s
  1350K .......... .......... .......... .......... .......... 82% 15.2M 0s
  1400K .......... .......... .......... .......... .......... 85% 12.1M 0s
  1450K .......... .......... .......... .......... .......... 88% 41.8M 0s
  1500K .......... .......... .......... .......... .......... 91% 30.1M 0s
  1550K .......... .......... .......... .......... .......... 94% 26.2M 0s
  1600K .......... .......... .......... .......... .......... 97%  352K 0s
  1650K .......... .......... .......... .......... ..        100%  294M=1.3s

2024-06-21 13:37:32 (1.27 MB/s) - ‘1SWASP_J083438.80+313314.7_lc.tbl’ saved [1733135/1733135]

